d:\code\oss-sdk\bce-sdk-c++-0.8.4\cppsdk-0.8.4\example\release\bossdk.lib
d:\code\oss-sdk\bce-sdk-c++-0.8.4\cppsdk-0.8.4\example\release\bossdk.exp
d:\code\oss-sdk\bce-sdk-c++-0.8.4\cppsdk-0.8.4\msvc\release\vc142.pdb
d:\code\oss-sdk\bce-sdk-c++-0.8.4\cppsdk-0.8.4\msvc\release\list_parts_response.obj
d:\code\oss-sdk\bce-sdk-c++-0.8.4\cppsdk-0.8.4\msvc\release\list_objects_response.obj
d:\code\oss-sdk\bce-sdk-c++-0.8.4\cppsdk-0.8.4\msvc\release\list_multipart_uploads_response.obj
d:\code\oss-sdk\bce-sdk-c++-0.8.4\cppsdk-0.8.4\msvc\release\list_buckets_response.obj
d:\code\oss-sdk\bce-sdk-c++-0.8.4\cppsdk-0.8.4\msvc\release\init_multi_upload_response.obj
d:\code\oss-sdk\bce-sdk-c++-0.8.4\cppsdk-0.8.4\msvc\release\get_object_response.obj
d:\code\oss-sdk\bce-sdk-c++-0.8.4\cppsdk-0.8.4\msvc\release\get_bucket_location_response.obj
d:\code\oss-sdk\bce-sdk-c++-0.8.4\cppsdk-0.8.4\msvc\release\get_bucket_acl_response.obj
d:\code\oss-sdk\bce-sdk-c++-0.8.4\cppsdk-0.8.4\msvc\release\copy_part_response.obj
d:\code\oss-sdk\bce-sdk-c++-0.8.4\cppsdk-0.8.4\msvc\release\copy_object_response.obj
d:\code\oss-sdk\bce-sdk-c++-0.8.4\cppsdk-0.8.4\msvc\release\complete_multipart_upload_response.obj
d:\code\oss-sdk\bce-sdk-c++-0.8.4\cppsdk-0.8.4\msvc\release\append_object_response.obj
d:\code\oss-sdk\bce-sdk-c++-0.8.4\cppsdk-0.8.4\msvc\release\object_request.obj
d:\code\oss-sdk\bce-sdk-c++-0.8.4\cppsdk-0.8.4\msvc\release\complete_multipart_upload_request.obj
d:\code\oss-sdk\bce-sdk-c++-0.8.4\cppsdk-0.8.4\msvc\release\upload_request.obj
d:\code\oss-sdk\bce-sdk-c++-0.8.4\cppsdk-0.8.4\msvc\release\object_meta_data.obj
d:\code\oss-sdk\bce-sdk-c++-0.8.4\cppsdk-0.8.4\msvc\release\copy_request.obj
d:\code\oss-sdk\bce-sdk-c++-0.8.4\cppsdk-0.8.4\msvc\release\client_impl.obj
d:\code\oss-sdk\bce-sdk-c++-0.8.4\cppsdk-0.8.4\msvc\release\client.obj
d:\code\oss-sdk\bce-sdk-c++-0.8.4\cppsdk-0.8.4\msvc\release\auth.obj
d:\code\oss-sdk\bce-sdk-c++-0.8.4\cppsdk-0.8.4\msvc\release\win_crypto_impl.obj
d:\code\oss-sdk\bce-sdk-c++-0.8.4\cppsdk-0.8.4\msvc\release\windows_port.obj
d:\code\oss-sdk\bce-sdk-c++-0.8.4\cppsdk-0.8.4\msvc\release\util.obj
d:\code\oss-sdk\bce-sdk-c++-0.8.4\cppsdk-0.8.4\msvc\release\json_response.obj
d:\code\oss-sdk\bce-sdk-c++-0.8.4\cppsdk-0.8.4\msvc\release\bce_response.obj
d:\code\oss-sdk\bce-sdk-c++-0.8.4\cppsdk-0.8.4\msvc\release\bce_request.obj
d:\code\oss-sdk\bce-sdk-c++-0.8.4\cppsdk-0.8.4\msvc\release\http_response.obj
d:\code\oss-sdk\bce-sdk-c++-0.8.4\cppsdk-0.8.4\msvc\release\http_request.obj
d:\code\oss-sdk\bce-sdk-c++-0.8.4\cppsdk-0.8.4\example\release\bossdk.dll
d:\code\oss-sdk\bce-sdk-c++-0.8.4\cppsdk-0.8.4\msvc\release\bossdk.ipdb
d:\code\oss-sdk\bce-sdk-c++-0.8.4\cppsdk-0.8.4\msvc\release\bossdk.iobj
d:\code\oss-sdk\bce-sdk-c++-0.8.4\cppsdk-0.8.4\example\release\bossdk.pdb
d:\code\oss-sdk\bce-sdk-c++-0.8.4\cppsdk-0.8.4\msvc\release\http_client.obj
d:\code\oss-sdk\bce-sdk-c++-0.8.4\cppsdk-0.8.4\msvc\release\bossdk.tlog\bossdk.write.1u.tlog
d:\code\oss-sdk\bce-sdk-c++-0.8.4\cppsdk-0.8.4\msvc\release\bossdk.tlog\cl.command.1.tlog
d:\code\oss-sdk\bce-sdk-c++-0.8.4\cppsdk-0.8.4\msvc\release\bossdk.tlog\cl.read.1.tlog
d:\code\oss-sdk\bce-sdk-c++-0.8.4\cppsdk-0.8.4\msvc\release\bossdk.tlog\cl.write.1.tlog
d:\code\oss-sdk\bce-sdk-c++-0.8.4\cppsdk-0.8.4\msvc\release\bossdk.tlog\link.command.1.tlog
d:\code\oss-sdk\bce-sdk-c++-0.8.4\cppsdk-0.8.4\msvc\release\bossdk.tlog\link.read.1.tlog
d:\code\oss-sdk\bce-sdk-c++-0.8.4\cppsdk-0.8.4\msvc\release\bossdk.tlog\link.write.1.tlog
